Microsoft HTML Help Compiler 4.74.8702

Compiling c:\Users\Alex\Documents\NetBeansProjects\Speakeasy\CHM\Speakeasy.chm


Compile time: 0 minutes, 0 seconds
4	Topics
4	Local links
3	Internet links
3	Graphics


Created c:\Users\Alex\Documents\NetBeansProjects\Speakeasy\CHM\Speakeasy.chm, 15,586 bytes
Compression increased file by 5,656 bytes.
Microsoft HTML Help Compiler 4.74.8702

Compiling c:\Users\Alex\Documents\NetBeansProjects\Speakeasy\CHM\Speakeasy.chm


Compile time: 0 minutes, 0 seconds
6	Topics
6	Local links
3	Internet links
3	Graphics


Created c:\Users\Alex\Documents\NetBeansProjects\Speakeasy\CHM\Speakeasy.chm, 16,118 bytes
Compression increased file by 4,662 bytes.
Microsoft HTML Help Compiler 4.74.8702

Compiling c:\Users\Alex\Documents\NetBeansProjects\Speakeasy\CHM\Speakeasy.chm


Compile time: 0 minutes, 0 seconds
6	Topics
6	Local links
3	Internet links
4	Graphics


Created c:\Users\Alex\Documents\NetBeansProjects\Speakeasy\CHM\Speakeasy.chm, 78,592 bytes
Compression increased file by 3,686 bytes.
HHC5010: Error: Cannot open "c:\Users\Alex\Documents\NetBeansProjects\Speakeasy\CHM\Speakeasy.chm". Compilation stopped.
HHC5010: Error: Cannot open "c:\Users\Alex\Documents\NetBeansProjects\Speakeasy\CHM\Speakeasy.chm". Compilation stopped.
Microsoft HTML Help Compiler 4.74.8702

Compiling c:\Users\Alex\Documents\NetBeansProjects\Speakeasy\CHM\Speakeasy.chm


Compile time: 0 minutes, 0 seconds
6	Topics
7	Local links
3	Internet links
4	Graphics


Created c:\Users\Alex\Documents\NetBeansProjects\Speakeasy\CHM\Speakeasy.chm, 78,758 bytes
Compression increased file by 3,458 bytes.
Microsoft HTML Help Compiler 4.74.8702

Compiling c:\Users\Alex\Documents\NetBeansProjects\Speakeasy\CHM\Speakeasy.chm


Compile time: 0 minutes, 0 seconds
6	Topics
7	Local links
3	Internet links
4	Graphics


Created c:\Users\Alex\Documents\NetBeansProjects\Speakeasy\CHM\Speakeasy.chm, 78,758 bytes
Compression increased file by 3,458 bytes.
